-------------------------------------------------------------------------------
Test set: com.training.epam.ticketservice.at.TestExecutor
-------------------------------------------------------------------------------
Tests run: 17, Failures: 5, Errors: 0, Skipped: 0, Time elapsed: 100.693 sec <<< FAILURE!
The admin user can create and query screenings(allows creating, deleting and listing screenings)  Time elapsed: 7.228 sec  <<< FAILURE!
java.lang.AssertionError: 
Expected: "Sátántangó (drama, 450 minutes), screened in room Pedersoli, at 2021-03-15 10:45"
     but: was "There are no screenings"
	at org.hamcrest.MatcherAssert.assertThat(MatcherAssert.java:20)
	at org.hamcrest.MatcherAssert.assertThat(MatcherAssert.java:8)
	at com.training.epam.ticketservice.at.GenericCliProcessStepDefs.theNextLineOfOutputContains(GenericCliProcessStepDefs.java:43)
	at ✽.the next line of the output is "Sátántangó (drama, 450 minutes), screened in room Pedersoli, at 2021-03-15 10:45"(file:///C:/Users/Koós%20Zoltán/Desktop/JavaProject/epam-deik-java-dev-main/final/ticket-service-acceptance-tests/src/test/resources/features/screenings.feature:18)

The admin can not create overlapping screenings in the same room(allows creating, deleting and listing screenings)  Time elapsed: 6.435 sec  <<< FAILURE!
java.lang.AssertionError: 
Expected: "There is an overlapping screening"
     but: was "This would start in the break period after another screening in this room"
	at org.hamcrest.MatcherAssert.assertThat(MatcherAssert.java:20)
	at org.hamcrest.MatcherAssert.assertThat(MatcherAssert.java:8)
	at com.training.epam.ticketservice.at.GenericCliProcessStepDefs.theNextLineOfOutputContains(GenericCliProcessStepDefs.java:43)
	at ✽.the next line of the output is "There is an overlapping screening"(file:///C:/Users/Koós%20Zoltán/Desktop/JavaProject/epam-deik-java-dev-main/final/ticket-service-acceptance-tests/src/test/resources/features/screenings.feature:26)

The admin can create overlapping screenings in different rooms(allows creating, deleting and listing screenings)  Time elapsed: 6.556 sec  <<< FAILURE!
java.lang.AssertionError: 
Expected: "Sátántangó (drama, 450 minutes), screened in room Pedersoli, at 2021-03-15 10:45"
     but: was "There are no screenings"
	at org.hamcrest.MatcherAssert.assertThat(MatcherAssert.java:20)
	at org.hamcrest.MatcherAssert.assertThat(MatcherAssert.java:8)
	at com.training.epam.ticketservice.at.GenericCliProcessStepDefs.theNextLineOfOutputContains(GenericCliProcessStepDefs.java:43)
	at ✽.the next line of the output is "Sátántangó (drama, 450 minutes), screened in room Pedersoli, at 2021-03-15 10:45"(file:///C:/Users/Koós%20Zoltán/Desktop/JavaProject/epam-deik-java-dev-main/final/ticket-service-acceptance-tests/src/test/resources/features/screenings.feature:36)

The admin can not create screenings during a 10 minute long breaks after another screening in the same room(allows creating, deleting and listing screenings)  Time elapsed: 7.022 sec  <<< FAILURE!
java.lang.AssertionError: 
Expected: "This would start in the break period after another screening in this room"
     but: was "There is an overlapping screening"
	at org.hamcrest.MatcherAssert.assertThat(MatcherAssert.java:20)
	at org.hamcrest.MatcherAssert.assertThat(MatcherAssert.java:8)
	at com.training.epam.ticketservice.at.GenericCliProcessStepDefs.theNextLineOfOutputContains(GenericCliProcessStepDefs.java:43)
	at ✽.the next line of the output is "This would start in the break period after another screening in this room"(file:///C:/Users/Koós%20Zoltán/Desktop/JavaProject/epam-deik-java-dev-main/final/ticket-service-acceptance-tests/src/test/resources/features/screenings.feature:44)

The admin can create screenings even if there is a break after a screening in a different room(allows creating, deleting and listing screenings)  Time elapsed: 6.643 sec  <<< FAILURE!
java.lang.AssertionError: 
Expected: "Sátántangó (drama, 450 minutes), screened in room Pedersoli, at 2021-03-15 11:00"
     but: was "There are no screenings"
	at org.hamcrest.MatcherAssert.assertThat(MatcherAssert.java:20)
	at org.hamcrest.MatcherAssert.assertThat(MatcherAssert.java:8)
	at com.training.epam.ticketservice.at.GenericCliProcessStepDefs.theNextLineOfOutputContains(GenericCliProcessStepDefs.java:43)
	at ✽.the next line of the output is "Sátántangó (drama, 450 minutes), screened in room Pedersoli, at 2021-03-15 11:00"(file:///C:/Users/Koós%20Zoltán/Desktop/JavaProject/epam-deik-java-dev-main/final/ticket-service-acceptance-tests/src/test/resources/features/screenings.feature:54)

