<?xml version="1.0" encoding="UTF-8" ?>
<testsuite tests="17" failures="5" name="com.training.epam.ticketservice.at.TestExecutor" time="100.237" errors="0" skipped="0">
  <properties>
[...]
</properties>
  <testcase classname="allow creating accounts and logging in" name="the admin account exists by default and can be logged in with the correct password" time="4.842"/>
  <testcase classname="allow creating accounts and logging in" name="the admin account can be signed out" time="4.669"/>
  <testcase classname="allow creating accounts and logging in" name="the admin account can not be logged in with incorrect password" time="4.533"/>
  <testcase classname="allows creating movie descriptions" name="an admin user can create and list movies" time="4.757"/>
  <testcase classname="allows creating movie descriptions" name="an admin user can update a movie" time="5.573"/>
  <testcase classname="allows creating movie descriptions" name="an admin user can delete a movie" time="5.423"/>
  <testcase classname="allows creating movie descriptions" name="an unauthenticated user can list movies" time="5.88"/>
  <testcase classname="allow creating, reading, updating and deleting rooms where the screenings will happen" name="an admin user can create and list rooms" time="6.256"/>
  <testcase classname="allow creating, reading, updating and deleting rooms where the screenings will happen" name="an admin user can update a room" time="5.486"/>
  <testcase classname="allow creating, reading, updating and deleting rooms where the screenings will happen" name="an admin user can delete a room" time="5.643"/>
  <testcase classname="allow creating, reading, updating and deleting rooms where the screenings will happen" name="an unauthenticated user can list rooms" time="6"/>
  <testcase classname="allows creating, deleting and listing screenings" name="The admin user can create and query screenings" time="7.228">
    <failure message="
Expected: &quot;Sátántangó (drama, 450 minutes), screened in room Pedersoli, at 2021-03-15 10:45&quot;
     but: was &quot;There are no screenings&quot;" type="java.lang.AssertionError">java.lang.AssertionError: 
Expected: &quot;Sátántangó (drama, 450 minutes), screened in room Pedersoli, at 2021-03-15 10:45&quot;
     but: was &quot;There are no screenings&quot;
	at org.hamcrest.MatcherAssert.assertThat(MatcherAssert.java:20)
	at org.hamcrest.MatcherAssert.assertThat(MatcherAssert.java:8)
	at com.training.epam.ticketservice.at.GenericCliProcessStepDefs.theNextLineOfOutputContains(GenericCliProcessStepDefs.java:43)
	at ✽.the next line of the output is &quot;Sátántangó (drama, 450 minutes), screened in room Pedersoli, at 2021-03-15 10:45&quot;(file:///C:/Users/Koós%20Zoltán/Desktop/JavaProject/epam-deik-java-dev-main/final/ticket-service-acceptance-tests/src/test/resources/features/screenings.feature:18)
</failure>
  </testcase>
  <testcase classname="allows creating, deleting and listing screenings" name="The admin can not create overlapping screenings in the same room" time="6.435">
    <failure message="
Expected: &quot;There is an overlapping screening&quot;
     but: was &quot;This would start in the break period after another screening in this room&quot;" type="java.lang.AssertionError">java.lang.AssertionError: 
Expected: &quot;There is an overlapping screening&quot;
     but: was &quot;This would start in the break period after another screening in this room&quot;
	at org.hamcrest.MatcherAssert.assertThat(MatcherAssert.java:20)
	at org.hamcrest.MatcherAssert.assertThat(MatcherAssert.java:8)
	at com.training.epam.ticketservice.at.GenericCliProcessStepDefs.theNextLineOfOutputContains(GenericCliProcessStepDefs.java:43)
	at ✽.the next line of the output is &quot;There is an overlapping screening&quot;(file:///C:/Users/Koós%20Zoltán/Desktop/JavaProject/epam-deik-java-dev-main/final/ticket-service-acceptance-tests/src/test/resources/features/screenings.feature:26)
</failure>
  </testcase>
  <testcase classname="allows creating, deleting and listing screenings" name="The admin can create overlapping screenings in different rooms" time="6.556">
    <failure message="
Expected: &quot;Sátántangó (drama, 450 minutes), screened in room Pedersoli, at 2021-03-15 10:45&quot;
     but: was &quot;There are no screenings&quot;" type="java.lang.AssertionError">java.lang.AssertionError: 
Expected: &quot;Sátántangó (drama, 450 minutes), screened in room Pedersoli, at 2021-03-15 10:45&quot;
     but: was &quot;There are no screenings&quot;
	at org.hamcrest.MatcherAssert.assertThat(MatcherAssert.java:20)
	at org.hamcrest.MatcherAssert.assertThat(MatcherAssert.java:8)
	at com.training.epam.ticketservice.at.GenericCliProcessStepDefs.theNextLineOfOutputContains(GenericCliProcessStepDefs.java:43)
	at ✽.the next line of the output is &quot;Sátántangó (drama, 450 minutes), screened in room Pedersoli, at 2021-03-15 10:45&quot;(file:///C:/Users/Koós%20Zoltán/Desktop/JavaProject/epam-deik-java-dev-main/final/ticket-service-acceptance-tests/src/test/resources/features/screenings.feature:36)
</failure>
  </testcase>
  <testcase classname="allows creating, deleting and listing screenings" name="The admin can not create screenings during a 10 minute long breaks after another screening in the same room" time="7.022">
    <failure message="
Expected: &quot;This would start in the break period after another screening in this room&quot;
     but: was &quot;There is an overlapping screening&quot;" type="java.lang.AssertionError">java.lang.AssertionError: 
Expected: &quot;This would start in the break period after another screening in this room&quot;
     but: was &quot;There is an overlapping screening&quot;
	at org.hamcrest.MatcherAssert.assertThat(MatcherAssert.java:20)
	at org.hamcrest.MatcherAssert.assertThat(MatcherAssert.java:8)
	at com.training.epam.ticketservice.at.GenericCliProcessStepDefs.theNextLineOfOutputContains(GenericCliProcessStepDefs.java:43)
	at ✽.the next line of the output is &quot;This would start in the break period after another screening in this room&quot;(file:///C:/Users/Koós%20Zoltán/Desktop/JavaProject/epam-deik-java-dev-main/final/ticket-service-acceptance-tests/src/test/resources/features/screenings.feature:44)
</failure>
  </testcase>
  <testcase classname="allows creating, deleting and listing screenings" name="The admin can create screenings even if there is a break after a screening in a different room" time="6.643">
    <failure message="
Expected: &quot;Sátántangó (drama, 450 minutes), screened in room Pedersoli, at 2021-03-15 11:00&quot;
     but: was &quot;There are no screenings&quot;" type="java.lang.AssertionError">java.lang.AssertionError: 
Expected: &quot;Sátántangó (drama, 450 minutes), screened in room Pedersoli, at 2021-03-15 11:00&quot;
     but: was &quot;There are no screenings&quot;
	at org.hamcrest.MatcherAssert.assertThat(MatcherAssert.java:20)
	at org.hamcrest.MatcherAssert.assertThat(MatcherAssert.java:8)
	at com.training.epam.ticketservice.at.GenericCliProcessStepDefs.theNextLineOfOutputContains(GenericCliProcessStepDefs.java:43)
	at ✽.the next line of the output is &quot;Sátántangó (drama, 450 minutes), screened in room Pedersoli, at 2021-03-15 11:00&quot;(file:///C:/Users/Koós%20Zoltán/Desktop/JavaProject/epam-deik-java-dev-main/final/ticket-service-acceptance-tests/src/test/resources/features/screenings.feature:54)
</failure>
  </testcase>
  <testcase classname="allows creating, deleting and listing screenings" name="The admin user can delete screenings" time="7.291"/>
</testsuite>