<?xml version="1.0" encoding="UTF-8"?>
<testsuite xmlns:xsi="http://www.w3.org/2001/XMLSchema-instance" xsi:noNamespaceSchemaLocation="https://maven.apache.org/surefire/maven-surefire-plugin/xsd/surefire-test-report-3.0.xsd" version="3.0" name="com.epam.training.ticketservice.service.UserServiceTest" time="0.048" tests="7" errors="0" skipped="0" failures="0">
  <properties>
[...]
</properties>
  <testcase name="isLoggedInUserAdmin" classname="com.epam.training.ticketservice.service.UserServiceTest" time="0.004"/>
  <testcase name="createAdminIfNotPresent" classname="com.epam.training.ticketservice.service.UserServiceTest" time="0.007"/>
  <testcase name="dontCreateAdminIfPresent" classname="com.epam.training.ticketservice.service.UserServiceTest" time="0.017"/>
  <testcase name="adminLogin" classname="com.epam.training.ticketservice.service.UserServiceTest" time="0.002"/>
  <testcase name="signOutIfNoUsers" classname="com.epam.training.ticketservice.service.UserServiceTest" time="0.005"/>
  <testcase name="getLoggedInUser" classname="com.epam.training.ticketservice.service.UserServiceTest" time="0.004"/>
  <testcase name="signOutIfAdminSignedIn" classname="com.epam.training.ticketservice.service.UserServiceTest" time="0.002"/>
</testsuite>